2023-05-23 13:58:19,162 INFO o.a.j.u.JMeterUtils: Setting Locale to ru_RU
2023-05-23 13:58:19,366 ERROR o.a.j.u.JMeterUtils: Could not find resources for 'ru_RU'
2023-05-23 13:58:19,368 INFO o.a.j.JMeter: Loading user properties from: user.properties
2023-05-23 13:58:19,387 INFO o.a.j.JMeter: Loading system properties from: system.properties
2023-05-23 13:58:19,453 INFO o.a.j.JMeter: Copyright (c) 1998-2022 The Apache Software Foundation
2023-05-23 13:58:19,453 INFO o.a.j.JMeter: Version 5.5
2023-05-23 13:58:19,454 INFO o.a.j.JMeter: java.version=11.0.19
2023-05-23 13:58:19,454 INFO o.a.j.JMeter: java.vm.name=Java HotSpot(TM) 64-Bit Server VM
2023-05-23 13:58:19,454 INFO o.a.j.JMeter: os.name=Windows 10
2023-05-23 13:58:19,454 INFO o.a.j.JMeter: os.arch=amd64
2023-05-23 13:58:19,454 INFO o.a.j.JMeter: os.version=10.0
2023-05-23 13:58:19,454 INFO o.a.j.JMeter: file.encoding=Cp1251
2023-05-23 13:58:19,455 INFO o.a.j.JMeter: java.awt.headless=null
2023-05-23 13:58:19,455 INFO o.a.j.JMeter: Max memory     =2000683008
2023-05-23 13:58:19,455 INFO o.a.j.JMeter: Available Processors =4
2023-05-23 13:58:19,556 INFO o.a.j.JMeter: Default Locale=русский (Россия)
2023-05-23 13:58:19,557 INFO o.a.j.JMeter: JMeter  Locale=русский (Россия)
2023-05-23 13:58:19,557 INFO o.a.j.JMeter: JMeterHome=C:\Users\lenny\Desktop\apache-jmeter-5.5\apache-jmeter-5.5
2023-05-23 13:58:19,557 INFO o.a.j.JMeter: user.dir  =C:\Users\lenny\Desktop\apache-jmeter-5.5\apache-jmeter-5.5\bin
2023-05-23 13:58:19,559 INFO o.a.j.JMeter: PWD       =C:\Users\lenny\Desktop\apache-jmeter-5.5\apache-jmeter-5.5\bin
2023-05-23 13:58:19,588 INFO o.a.j.JMeter: IP: 172.23.240.1 Name: Anton-Win10 FullName: Anton-Win10.mshome.net
2023-05-23 13:58:19,680 INFO o.a.j.JMeter: Loaded icon properties from org/apache/jmeter/images/icon.properties
2023-05-23 13:58:21,468 INFO o.a.j.JMeterGuiLauncher: Setting LAF to: laf:com.sun.java.swing.plaf.windows.WindowsLookAndFeel
2023-05-23 13:58:31,085 INFO o.j.r.JARSourceHTTP: Requesting https://jmeter-plugins.org/repo/?installID=windows_10-811db284dc6febfee644f840aa4348ad-gui
2023-05-23 13:58:37,603 INFO o.j.r.PluginManager: Plugins Status: [jpgc-graphs-basic=2.0, jpgc-graphs-additional=2.0, blazemeter-debugger=0.6, jpgc-functions=2.2, jpgc-casutg=2.10, jpgc-graphs-dist=2.0, jpgc-dummy=0.4, jpgc-ffw=2.0, jpgc-json=2.7, jpgc-graphs-vs=2.0, jpgc-perfmon=2.1, jpgc-plugins-manager=1.8, jpgc-tst=2.5, websocket-sampler=1.0.2-SNAPSHOT, websocket-samplers=1.2.8, jmeter-core=5.5, jmeter-ftp=5.5, jmeter-http=5.5, jmeter-jdbc=5.5, jmeter-jms=5.5, jmeter-junit=5.5, jmeter-java=5.5, jmeter-ldap=5.5, jmeter-mail=5.5, jmeter-mongodb=5.5, jmeter-native=5.5, jmeter-tcp=5.5, jmeter-components=5.5]
2023-05-23 13:58:37,615 INFO o.j.r.PluginManagerMenuItem: Plugins Manager has upgrades: [jpgc-plugins-manager]
2023-05-23 13:59:05,475 INFO o.a.j.s.FileServer: Default base='C:\Users\lenny\Desktop\apache-jmeter-5.5\apache-jmeter-5.5\bin'
2023-05-23 13:59:05,479 INFO o.a.j.g.a.Load: Loading file: C:\Users\lenny\Desktop\apache-jmeter-5.5\apache-jmeter-5.5\bin\examples\CSVSample.jmx
2023-05-23 13:59:05,480 INFO o.a.j.s.FileServer: Set new base='C:\Users\lenny\Desktop\apache-jmeter-5.5\apache-jmeter-5.5\bin\examples'
2023-05-23 13:59:06,080 INFO o.a.j.s.SaveService: Testplan (JMX) version: 2.2. Testlog (JTL) version: 2.2
2023-05-23 13:59:06,144 INFO o.a.j.s.SaveService: Using SaveService properties version 5.0
2023-05-23 13:59:06,149 INFO o.a.j.s.SaveService: Using SaveService properties file encoding UTF-8
2023-05-23 13:59:06,153 INFO o.a.j.s.SaveService: Loading file: C:\Users\lenny\Desktop\apache-jmeter-5.5\apache-jmeter-5.5\bin\examples\CSVSample.jmx
2023-05-23 13:59:08,469 INFO o.a.j.s.SampleResult: Note: Sample TimeStamps are START times
2023-05-23 13:59:08,469 INFO o.a.j.s.SampleResult: sampleresult.default.encoding is set to ISO-8859-1
2023-05-23 13:59:08,469 INFO o.a.j.s.SampleResult: sampleresult.useNanoTime=true
2023-05-23 13:59:08,470 INFO o.a.j.s.SampleResult: sampleresult.nanoThreadSleep=5000
2023-05-23 13:59:09,065 INFO o.a.j.v.ViewResultsFullVisualizer: Add JavaFX to your Java installation if you want to use renderer: org.apache.jmeter.visualizers.RenderInBrowser
2023-05-23 13:59:09,218 INFO o.a.j.s.FileServer: Set new base='C:\Users\lenny\Desktop\apache-jmeter-5.5\apache-jmeter-5.5\bin\examples'
